<?xml version="1.0" encoding="UTF-8"?>
<TestRun id="99b37457-2a91-4408-a9bc-a721b784c53d" name="user@USER-LAPTOP 2012-10-04 18:28:20" runUser="user-laptop\user" xmlns="http://microsoft.com/schemas/VisualStudio/TeamTest/2010">
  <TestSettings name="Local" id="835b2509-bff2-4464-934d-51eafd7729ae">
    <Description>These are default test settings for a local test run.</Description>
    <Deployment enabled="false" runDeploymentRoot="user_USER-LAPTOP 2012-10-04 18_28_20">
      <DeploymentItem filename="c:\users\user\documents\visual studio 2010\Projects\BowlingGame\bin\Debug\BowlingGame.dll" />
    </Deployment>
    <Execution>
      <TestTypeSpecific />
      <AgentRule name="Execution Agents">
      </AgentRule>
    </Execution>
  </TestSettings>
  <Times creation="2012-10-04T18:28:20.2093471-05:00" queuing="2012-10-04T18:28:20.2913518-05:00" start="2012-10-04T18:28:20.3203535-05:00" finish="2012-10-04T18:28:20.7783797-05:00" />
  <ResultSummary outcome="Failed">
    <Counters total="1" executed="1" error="0" failed="1" timeout="0" aborted="0" inconclusive="0" passedButRunAborted="0" notRunnable="0" notExecuted="0" disconnected="0" warning="0" passed="0" completed="0" inProgress="0" pending="0" />
  </ResultSummary>
  <TestDefinitions>
    <UnitTest name="InitializeGame" storage="c:\users\user\documents\visual studio 2010\projects\bowlinggametdd\bowlinggametdd\bin\debug\bowlinggametdd.dll" id="cb98918f-1baf-ae4b-8a43-54b01da60559">
      <Execution id="533c0989-8aba-4e13-88de-13dd724128f2" />
      <TestMethod codeBase="c:/users/user/documents/visual studio 2010/Projects/BowlingGameTDD/BowlingGameTDD/bin/Debug/BowlingGameTDD.DLL" adapterTypeName="Microsoft.VisualStudio.TestTools.TestTypes.Unit.UnitTestAdapter, Microsoft.VisualStudio.QualityTools.Tips.UnitTest.Adapter, Version=10.0.0.0, Culture=neutral, PublicKeyToken=b03f5f7f11d50a3a" className="BowlingGameTDD.UnitTest1, BowlingGameTDD, Version=1.0.0.0, Culture=neutral, PublicKeyToken=null" name="InitializeGame" />
    </UnitTest>
  </TestDefinitions>
  <TestLists>
    <TestList name="Results Not in a List" id="8c84fa94-04c1-424b-9868-57a2d4851a1d" />
    <TestList name="All Loaded Results" id="19431567-8539-422a-85d7-44ee4e166bda" />
  </TestLists>
  <TestEntries>
    <TestEntry testId="cb98918f-1baf-ae4b-8a43-54b01da60559" executionId="533c0989-8aba-4e13-88de-13dd724128f2" testListId="8c84fa94-04c1-424b-9868-57a2d4851a1d" />
  </TestEntries>
  <Results>
    <UnitTestResult executionId="533c0989-8aba-4e13-88de-13dd724128f2" testId="cb98918f-1baf-ae4b-8a43-54b01da60559" testName="InitializeGame" computerName="USER-LAPTOP" duration="00:00:00.0494251" startTime="2012-10-04T18:28:20.3373545-05:00" endTime="2012-10-04T18:28:20.7503781-05:00" testType="13cdc9d9-ddb5-4fa4-a97d-d965ccfc6d4b" outcome="Failed" testListId="8c84fa94-04c1-424b-9868-57a2d4851a1d" relativeResultsDirectory="533c0989-8aba-4e13-88de-13dd724128f2">
      <Output>
        <ErrorInfo>
          <Message>Assert.Fail failed. Assert.Equals should not be used for Assertions. Please use Assert.AreEqual &amp; overloads instead.</Message>
          <StackTrace>   at BowlingGameTDD.UnitTest1.InitializeGame() in c:\users\user\documents\visual studio 2010\Projects\BowlingGameTDD\BowlingGameTDD\UnitTest1.cs:line 85
</StackTrace>
        </ErrorInfo>
      </Output>
    </UnitTestResult>
  </Results>
</TestRun>