<?xml version="1.0" encoding="UTF-8"?>
<TestRun id="7b62363e-9802-432b-b7cd-520b0a05ff9e" name="user@USER-LAPTOP 2012-10-04 20:58:49" runUser="user-laptop\user" xmlns="http://microsoft.com/schemas/VisualStudio/TeamTest/2010">
  <TestSettings name="Local" id="835b2509-bff2-4464-934d-51eafd7729ae">
    <Description>These are default test settings for a local test run.</Description>
    <Deployment userDeploymentRoot="c:\users\user\documents\visual studio 2010\Projects\BowlingGameTDD\TestResults" useDefaultDeploymentRoot="false" enabled="false" runDeploymentRoot="user_USER-LAPTOP 2012-10-04 20_58_49">
      <DeploymentItem filename="c:\users\user\documents\visual studio 2010\Projects\BowlingGame\bin\Debug\BowlingGame.dll" />
    </Deployment>
    <Execution>
      <TestTypeSpecific />
      <AgentRule name="Execution Agents">
      </AgentRule>
    </Execution>
  </TestSettings>
  <Times creation="2012-10-04T20:58:49.3217828-05:00" queuing="2012-10-04T20:58:52.9149884-05:00" start="2012-10-04T20:58:53.2930100-05:00" finish="2012-10-04T21:00:23.5391718-05:00" />
  <ResultSummary outcome="Error">
    <Counters total="1" executed="1" error="0" failed="0" timeout="0" aborted="1" inconclusive="0" passedButRunAborted="0" notRunnable="0" notExecuted="0" disconnected="0" warning="0" passed="0" completed="0" inProgress="0" pending="0" />
    <RunInfos>
      <RunInfo computerName="USER-LAPTOP" outcome="Error" timestamp="2012-10-04T21:00:23.5311713-05:00">
        <Text>Test host process exited unexpectedly.</Text>
      </RunInfo>
    </RunInfos>
  </ResultSummary>
  <TestDefinitions>
    <UnitTest name="RegisterRoll1" storage="c:\users\user\documents\visual studio 2010\projects\bowlinggametdd\bowlinggametdd\bin\debug\bowlinggametdd.dll" id="558f04a7-7d2f-46d7-3f30-821427db81e9">
      <Execution id="d8bd146b-5f67-4cbf-acd2-d85d4ac87ebf" />
      <TestMethod codeBase="c:/users/user/documents/visual studio 2010/Projects/BowlingGameTDD/BowlingGameTDD/bin/Debug/BowlingGameTDD.DLL" adapterTypeName="Microsoft.VisualStudio.TestTools.TestTypes.Unit.UnitTestAdapter, Microsoft.VisualStudio.QualityTools.Tips.UnitTest.Adapter, Version=10.0.0.0, Culture=neutral, PublicKeyToken=b03f5f7f11d50a3a" className="BowlingGameTDD.UnitTest1, BowlingGameTDD, Version=1.0.0.0, Culture=neutral, PublicKeyToken=null" name="RegisterRoll1" />
    </UnitTest>
  </TestDefinitions>
  <TestLists>
    <TestList name="Results Not in a List" id="8c84fa94-04c1-424b-9868-57a2d4851a1d" />
    <TestList name="All Loaded Results" id="19431567-8539-422a-85d7-44ee4e166bda" />
  </TestLists>
  <TestEntries>
    <TestEntry testId="558f04a7-7d2f-46d7-3f30-821427db81e9" executionId="d8bd146b-5f67-4cbf-acd2-d85d4ac87ebf" testListId="8c84fa94-04c1-424b-9868-57a2d4851a1d" />
  </TestEntries>
  <Results>
    <UnitTestResult executionId="d8bd146b-5f67-4cbf-acd2-d85d4ac87ebf" testId="558f04a7-7d2f-46d7-3f30-821427db81e9" testName="RegisterRoll1" computerName="USER-LAPTOP" duration="00:01:29.8591397" startTime="2012-10-04T20:58:53.6800321-05:00" endTime="2012-10-04T21:00:23.5391718-05:00" testType="13cdc9d9-ddb5-4fa4-a97d-d965ccfc6d4b" outcome="Aborted" testListId="8c84fa94-04c1-424b-9868-57a2d4851a1d" relativeResultsDirectory="d8bd146b-5f67-4cbf-acd2-d85d4ac87ebf">
    </UnitTestResult>
  </Results>
</TestRun>