<?xml version="1.0" encoding="UTF-8"?>
<TestRun id="6aba30c0-9d3d-47a9-a9a3-268e0548aa5d" name="user@USER-LAPTOP 2012-10-05 00:03:09" runUser="user-laptop\user" xmlns="http://microsoft.com/schemas/VisualStudio/TeamTest/2010">
  <TestSettings name="Local" id="835b2509-bff2-4464-934d-51eafd7729ae">
    <Description>These are default test settings for a local test run.</Description>
    <Deployment enabled="false" runDeploymentRoot="user_USER-LAPTOP 2012-10-05 00_03_09">
      <DeploymentItem filename="c:\users\user\documents\visual studio 2010\Projects\BowlingGame\bin\Debug\BowlingGame.dll" />
    </Deployment>
    <Execution>
      <TestTypeSpecific />
      <AgentRule name="Execution Agents">
      </AgentRule>
    </Execution>
  </TestSettings>
  <Times creation="2012-10-05T00:03:09.8190017-05:00" queuing="2012-10-05T00:03:10.2360256-05:00" start="2012-10-05T00:03:10.3020294-05:00" finish="2012-10-05T00:03:10.9990692-05:00" />
  <ResultSummary outcome="Completed">
    <Counters total="1" executed="1" passed="1" error="0" failed="0" timeout="0" aborted="0" inconclusive="0" passedButRunAborted="0" notRunnable="0" notExecuted="0" disconnected="0" warning="0" completed="0" inProgress="0" pending="0" />
  </ResultSummary>
  <TestDefinitions>
    <UnitTest name="IsFrameComplete_IfStrke" storage="c:\users\user\documents\visual studio 2010\projects\bowlinggametdd\bowlinggametdd\bin\debug\bowlinggametdd.dll" id="85fa7570-d822-7e83-116b-154ea2524183">
      <Execution id="cfd64855-f696-4f97-8c4f-5b50be71f746" />
      <TestMethod codeBase="C:/Users/user/documents/visual studio 2010/Projects/BowlingGameTDD/BowlingGameTDD/bin/Debug/BowlingGameTDD.DLL" adapterTypeName="Microsoft.VisualStudio.TestTools.TestTypes.Unit.UnitTestAdapter, Microsoft.VisualStudio.QualityTools.Tips.UnitTest.Adapter, Version=10.0.0.0, Culture=neutral, PublicKeyToken=b03f5f7f11d50a3a" className="BowlingGameTDD.UnitTest1, BowlingGameTDD, Version=1.0.0.0, Culture=neutral, PublicKeyToken=null" name="IsFrameComplete_IfStrke" />
    </UnitTest>
  </TestDefinitions>
  <TestLists>
    <TestList name="Results Not in a List" id="8c84fa94-04c1-424b-9868-57a2d4851a1d" />
    <TestList name="All Loaded Results" id="19431567-8539-422a-85d7-44ee4e166bda" />
  </TestLists>
  <TestEntries>
    <TestEntry testId="85fa7570-d822-7e83-116b-154ea2524183" executionId="cfd64855-f696-4f97-8c4f-5b50be71f746" testListId="8c84fa94-04c1-424b-9868-57a2d4851a1d" />
  </TestEntries>
  <Results>
    <UnitTestResult executionId="cfd64855-f696-4f97-8c4f-5b50be71f746" testId="85fa7570-d822-7e83-116b-154ea2524183" testName="IsFrameComplete_IfStrke" computerName="USER-LAPTOP" duration="00:00:00.0599810" startTime="2012-10-05T00:03:10.3400315-05:00" endTime="2012-10-05T00:03:10.9690675-05:00" testType="13cdc9d9-ddb5-4fa4-a97d-d965ccfc6d4b" outcome="Passed" testListId="8c84fa94-04c1-424b-9868-57a2d4851a1d" relativeResultsDirectory="cfd64855-f696-4f97-8c4f-5b50be71f746">
    </UnitTestResult>
  </Results>
</TestRun>