<?xml version="1.0" encoding="UTF-8"?>
<TestRun id="35258210-edd7-4dc2-a326-7d31a0ea33c3" name="user@USER-LAPTOP 2012-10-04 20:58:33" runUser="user-laptop\user" xmlns="http://microsoft.com/schemas/VisualStudio/TeamTest/2010">
  <TestSettings name="Local" id="835b2509-bff2-4464-934d-51eafd7729ae">
    <Description>These are default test settings for a local test run.</Description>
    <Deployment enabled="false" runDeploymentRoot="user_USER-LAPTOP 2012-10-04 20_58_33">
      <DeploymentItem filename="c:\users\user\documents\visual studio 2010\Projects\BowlingGame\bin\Debug\BowlingGame.dll" />
    </Deployment>
    <Execution>
      <TestTypeSpecific />
      <AgentRule name="Execution Agents">
      </AgentRule>
    </Execution>
  </TestSettings>
  <Times creation="2012-10-04T20:58:33.9339027-05:00" queuing="2012-10-04T20:58:34.9769624-05:00" start="2012-10-04T20:58:35.0879687-05:00" finish="2012-10-04T20:58:36.1650303-05:00" />
  <ResultSummary outcome="Failed">
    <Counters total="1" executed="1" error="0" failed="1" timeout="0" aborted="0" inconclusive="0" passedButRunAborted="0" notRunnable="0" notExecuted="0" disconnected="0" warning="0" passed="0" completed="0" inProgress="0" pending="0" />
  </ResultSummary>
  <TestDefinitions>
    <UnitTest name="RegisterRoll1" storage="c:\users\user\documents\visual studio 2010\projects\bowlinggametdd\bowlinggametdd\bin\debug\bowlinggametdd.dll" id="558f04a7-7d2f-46d7-3f30-821427db81e9">
      <Execution id="b99e073e-228a-4697-8acc-f99680db07a3" />
      <TestMethod codeBase="c:/users/user/documents/visual studio 2010/Projects/BowlingGameTDD/BowlingGameTDD/bin/Debug/BowlingGameTDD.DLL" adapterTypeName="Microsoft.VisualStudio.TestTools.TestTypes.Unit.UnitTestAdapter, Microsoft.VisualStudio.QualityTools.Tips.UnitTest.Adapter, Version=10.0.0.0, Culture=neutral, PublicKeyToken=b03f5f7f11d50a3a" className="BowlingGameTDD.UnitTest1, BowlingGameTDD, Version=1.0.0.0, Culture=neutral, PublicKeyToken=null" name="RegisterRoll1" />
    </UnitTest>
  </TestDefinitions>
  <TestLists>
    <TestList name="Results Not in a List" id="8c84fa94-04c1-424b-9868-57a2d4851a1d" />
    <TestList name="All Loaded Results" id="19431567-8539-422a-85d7-44ee4e166bda" />
  </TestLists>
  <TestEntries>
    <TestEntry testId="558f04a7-7d2f-46d7-3f30-821427db81e9" executionId="b99e073e-228a-4697-8acc-f99680db07a3" testListId="8c84fa94-04c1-424b-9868-57a2d4851a1d" />
  </TestEntries>
  <Results>
    <UnitTestResult executionId="b99e073e-228a-4697-8acc-f99680db07a3" testId="558f04a7-7d2f-46d7-3f30-821427db81e9" testName="RegisterRoll1" computerName="USER-LAPTOP" duration="00:00:00.0752232" startTime="2012-10-04T20:58:35.1599728-05:00" endTime="2012-10-04T20:58:36.0810255-05:00" testType="13cdc9d9-ddb5-4fa4-a97d-d965ccfc6d4b" outcome="Failed" testListId="8c84fa94-04c1-424b-9868-57a2d4851a1d" relativeResultsDirectory="b99e073e-228a-4697-8acc-f99680db07a3">
      <Output>
        <ErrorInfo>
          <Message>Test method BowlingGameTDD.UnitTest1.RegisterRoll1 threw exception: 
System.NullReferenceException: Object reference not set to an instance of an object.</Message>
          <StackTrace>    at BowlingGame.Game.RegisterRoll(Int32 p) in c:\users\user\documents\visual studio 2010\Projects\BowlingGame\Game.cs:line 24
   at BowlingGameTDD.UnitTest1.RegisterRoll1() in c:\users\user\documents\visual studio 2010\Projects\BowlingGameTDD\BowlingGameTDD\UnitTest1.cs:line 96
</StackTrace>
        </ErrorInfo>
      </Output>
    </UnitTestResult>
  </Results>
</TestRun>