<?xml version="1.0" encoding="UTF-8"?>
<TestRun id="8be087bb-ab30-424a-b6a9-3daf3b05623d" name="user@USER-LAPTOP 2012-10-04 21:01:52" runUser="user-laptop\user" xmlns="http://microsoft.com/schemas/VisualStudio/TeamTest/2010">
  <TestSettings name="Local" id="835b2509-bff2-4464-934d-51eafd7729ae">
    <Description>These are default test settings for a local test run.</Description>
    <Deployment userDeploymentRoot="c:\users\user\documents\visual studio 2010\Projects\BowlingGameTDD\TestResults" useDefaultDeploymentRoot="false" enabled="false" runDeploymentRoot="user_USER-LAPTOP 2012-10-04 21_01_52">
      <DeploymentItem filename="c:\users\user\documents\visual studio 2010\Projects\BowlingGame\bin\Debug\BowlingGame.dll" />
    </Deployment>
    <Execution>
      <TestTypeSpecific />
      <AgentRule name="Execution Agents">
      </AgentRule>
    </Execution>
  </TestSettings>
  <Times creation="2012-10-04T21:01:52.8722813-05:00" queuing="2012-10-04T21:01:56.4564863-05:00" start="2012-10-04T21:01:56.9175127-05:00" finish="2012-10-04T21:02:53.0707245-05:00" />
  <ResultSummary outcome="Completed">
    <Counters total="1" executed="1" passed="1" error="0" failed="0" timeout="0" aborted="0" inconclusive="0" passedButRunAborted="0" notRunnable="0" notExecuted="0" disconnected="0" warning="0" completed="0" inProgress="0" pending="0" />
  </ResultSummary>
  <TestDefinitions>
    <UnitTest name="RegisterRoll1" storage="c:\users\user\documents\visual studio 2010\projects\bowlinggametdd\bowlinggametdd\bin\debug\bowlinggametdd.dll" id="558f04a7-7d2f-46d7-3f30-821427db81e9">
      <Execution id="7b86f5fa-3594-4fa1-8b5e-c1e979ae797d" />
      <TestMethod codeBase="c:/users/user/documents/visual studio 2010/Projects/BowlingGameTDD/BowlingGameTDD/bin/Debug/BowlingGameTDD.DLL" adapterTypeName="Microsoft.VisualStudio.TestTools.TestTypes.Unit.UnitTestAdapter, Microsoft.VisualStudio.QualityTools.Tips.UnitTest.Adapter, Version=10.0.0.0, Culture=neutral, PublicKeyToken=b03f5f7f11d50a3a" className="BowlingGameTDD.UnitTest1, BowlingGameTDD, Version=1.0.0.0, Culture=neutral, PublicKeyToken=null" name="RegisterRoll1" />
    </UnitTest>
  </TestDefinitions>
  <TestLists>
    <TestList name="Results Not in a List" id="8c84fa94-04c1-424b-9868-57a2d4851a1d" />
    <TestList name="All Loaded Results" id="19431567-8539-422a-85d7-44ee4e166bda" />
  </TestLists>
  <TestEntries>
    <TestEntry testId="558f04a7-7d2f-46d7-3f30-821427db81e9" executionId="7b86f5fa-3594-4fa1-8b5e-c1e979ae797d" testListId="8c84fa94-04c1-424b-9868-57a2d4851a1d" />
  </TestEntries>
  <Results>
    <UnitTestResult executionId="7b86f5fa-3594-4fa1-8b5e-c1e979ae797d" testId="558f04a7-7d2f-46d7-3f30-821427db81e9" testName="RegisterRoll1" computerName="USER-LAPTOP" duration="00:00:49.1683925" startTime="2012-10-04T21:01:57.4035405-05:00" endTime="2012-10-04T21:02:52.7447058-05:00" testType="13cdc9d9-ddb5-4fa4-a97d-d965ccfc6d4b" outcome="Passed" testListId="8c84fa94-04c1-424b-9868-57a2d4851a1d" relativeResultsDirectory="7b86f5fa-3594-4fa1-8b5e-c1e979ae797d">
    </UnitTestResult>
  </Results>
</TestRun>