<?xml version="1.0" encoding="UTF-8"?>
<TestRun id="8f7a3f7d-4198-4aa5-a6c7-1201f2af35ad" name="user@USER-LAPTOP 2012-10-04 23:57:25" runUser="user-laptop\user" xmlns="http://microsoft.com/schemas/VisualStudio/TeamTest/2010">
  <TestSettings name="Local" id="835b2509-bff2-4464-934d-51eafd7729ae">
    <Description>These are default test settings for a local test run.</Description>
    <Deployment enabled="false" runDeploymentRoot="user_USER-LAPTOP 2012-10-04 23_57_25">
      <DeploymentItem filename="c:\users\user\documents\visual studio 2010\Projects\BowlingGame\bin\Debug\BowlingGame.dll" />
    </Deployment>
    <Execution>
      <TestTypeSpecific />
      <AgentRule name="Execution Agents">
      </AgentRule>
    </Execution>
  </TestSettings>
  <Times creation="2012-10-04T23:57:25.4383043-05:00" queuing="2012-10-04T23:57:25.5083083-05:00" start="2012-10-04T23:57:25.5333097-05:00" finish="2012-10-04T23:57:25.9243321-05:00" />
  <ResultSummary outcome="Completed">
    <Counters total="1" executed="1" passed="1" error="0" failed="0" timeout="0" aborted="0" inconclusive="0" passedButRunAborted="0" notRunnable="0" notExecuted="0" disconnected="0" warning="0" completed="0" inProgress="0" pending="0" />
  </ResultSummary>
  <TestDefinitions>
    <UnitTest name="RegisterRoll2" storage="c:\users\user\documents\visual studio 2010\projects\bowlinggametdd\bowlinggametdd\bin\debug\bowlinggametdd.dll" id="7ad8352d-ab1a-da89-ba58-1a5410f643b1">
      <Execution id="433dd43b-6976-4f36-9baa-dc9bdbbb2755" />
      <TestMethod codeBase="C:/Users/user/documents/visual studio 2010/Projects/BowlingGameTDD/BowlingGameTDD/bin/Debug/BowlingGameTDD.DLL" adapterTypeName="Microsoft.VisualStudio.TestTools.TestTypes.Unit.UnitTestAdapter, Microsoft.VisualStudio.QualityTools.Tips.UnitTest.Adapter, Version=10.0.0.0, Culture=neutral, PublicKeyToken=b03f5f7f11d50a3a" className="BowlingGameTDD.UnitTest1, BowlingGameTDD, Version=1.0.0.0, Culture=neutral, PublicKeyToken=null" name="RegisterRoll2" />
    </UnitTest>
  </TestDefinitions>
  <TestLists>
    <TestList name="Results Not in a List" id="8c84fa94-04c1-424b-9868-57a2d4851a1d" />
    <TestList name="All Loaded Results" id="19431567-8539-422a-85d7-44ee4e166bda" />
  </TestLists>
  <TestEntries>
    <TestEntry testId="7ad8352d-ab1a-da89-ba58-1a5410f643b1" executionId="433dd43b-6976-4f36-9baa-dc9bdbbb2755" testListId="8c84fa94-04c1-424b-9868-57a2d4851a1d" />
  </TestEntries>
  <Results>
    <UnitTestResult executionId="433dd43b-6976-4f36-9baa-dc9bdbbb2755" testId="7ad8352d-ab1a-da89-ba58-1a5410f643b1" testName="RegisterRoll2" computerName="USER-LAPTOP" duration="00:00:00.0242324" startTime="2012-10-04T23:57:25.5773122-05:00" endTime="2012-10-04T23:57:25.9033309-05:00" testType="13cdc9d9-ddb5-4fa4-a97d-d965ccfc6d4b" outcome="Passed" testListId="8c84fa94-04c1-424b-9868-57a2d4851a1d" relativeResultsDirectory="433dd43b-6976-4f36-9baa-dc9bdbbb2755">
    </UnitTestResult>
  </Results>
</TestRun>