<?xml version="1.0" encoding="UTF-8"?>
<TestRun id="bc1e87d1-42d0-41fd-ae48-5f0cbfd41639" name="user@USER-LAPTOP 2012-10-04 23:55:57" runUser="user-laptop\user" xmlns="http://microsoft.com/schemas/VisualStudio/TeamTest/2010">
  <TestSettings name="Local" id="835b2509-bff2-4464-934d-51eafd7729ae">
    <Description>These are default test settings for a local test run.</Description>
    <Deployment enabled="false" runDeploymentRoot="user_USER-LAPTOP 2012-10-04 23_55_57">
      <DeploymentItem filename="c:\users\user\documents\visual studio 2010\Projects\BowlingGame\bin\Debug\BowlingGame.dll" />
    </Deployment>
    <Execution>
      <TestTypeSpecific />
      <AgentRule name="Execution Agents">
      </AgentRule>
    </Execution>
  </TestSettings>
  <Times creation="2012-10-04T23:55:57.7032861-05:00" queuing="2012-10-04T23:55:59.1813707-05:00" start="2012-10-04T23:55:59.2803763-05:00" finish="2012-10-04T23:56:00.3164356-05:00" />
  <ResultSummary outcome="Completed">
    <Counters total="1" executed="1" passed="1" error="0" failed="0" timeout="0" aborted="0" inconclusive="0" passedButRunAborted="0" notRunnable="0" notExecuted="0" disconnected="0" warning="0" completed="0" inProgress="0" pending="0" />
  </ResultSummary>
  <TestDefinitions>
    <UnitTest name="RegisterRoll2" storage="c:\users\user\documents\visual studio 2010\projects\bowlinggametdd\bowlinggametdd\bin\debug\bowlinggametdd.dll" id="7ad8352d-ab1a-da89-ba58-1a5410f643b1">
      <Execution id="518bedf8-0dad-485f-89b6-ed1f584f8902" />
      <TestMethod codeBase="C:/Users/user/documents/visual studio 2010/Projects/BowlingGameTDD/BowlingGameTDD/bin/Debug/BowlingGameTDD.DLL" adapterTypeName="Microsoft.VisualStudio.TestTools.TestTypes.Unit.UnitTestAdapter, Microsoft.VisualStudio.QualityTools.Tips.UnitTest.Adapter, Version=10.0.0.0, Culture=neutral, PublicKeyToken=b03f5f7f11d50a3a" className="BowlingGameTDD.UnitTest1, BowlingGameTDD, Version=1.0.0.0, Culture=neutral, PublicKeyToken=null" name="RegisterRoll2" />
    </UnitTest>
  </TestDefinitions>
  <TestLists>
    <TestList name="Results Not in a List" id="8c84fa94-04c1-424b-9868-57a2d4851a1d" />
    <TestList name="All Loaded Results" id="19431567-8539-422a-85d7-44ee4e166bda" />
  </TestLists>
  <TestEntries>
    <TestEntry testId="7ad8352d-ab1a-da89-ba58-1a5410f643b1" executionId="518bedf8-0dad-485f-89b6-ed1f584f8902" testListId="8c84fa94-04c1-424b-9868-57a2d4851a1d" />
  </TestEntries>
  <Results>
    <UnitTestResult executionId="518bedf8-0dad-485f-89b6-ed1f584f8902" testId="7ad8352d-ab1a-da89-ba58-1a5410f643b1" testName="RegisterRoll2" computerName="USER-LAPTOP" duration="00:00:00.0263090" startTime="2012-10-04T23:55:59.4313850-05:00" endTime="2012-10-04T23:56:00.2584323-05:00" testType="13cdc9d9-ddb5-4fa4-a97d-d965ccfc6d4b" outcome="Passed" testListId="8c84fa94-04c1-424b-9868-57a2d4851a1d" relativeResultsDirectory="518bedf8-0dad-485f-89b6-ed1f584f8902">
    </UnitTestResult>
  </Results>
</TestRun>