<?xml version="1.0" encoding="UTF-8"?>
<TestRun id="c9079784-5091-4c76-b1ce-4a72d994cba0" name="user@USER-LAPTOP 2012-10-05 00:08:25" runUser="user-laptop\user" xmlns="http://microsoft.com/schemas/VisualStudio/TeamTest/2010">
  <TestSettings name="Local" id="835b2509-bff2-4464-934d-51eafd7729ae">
    <Description>These are default test settings for a local test run.</Description>
    <Deployment enabled="false" runDeploymentRoot="user_USER-LAPTOP 2012-10-05 00_08_25">
      <DeploymentItem filename="c:\users\user\documents\visual studio 2010\Projects\BowlingGame\bin\Debug\BowlingGame.dll" />
    </Deployment>
    <Execution>
      <TestTypeSpecific />
      <AgentRule name="Execution Agents">
      </AgentRule>
    </Execution>
  </TestSettings>
  <Times creation="2012-10-05T00:08:25.0770335-05:00" queuing="2012-10-05T00:08:25.1470375-05:00" start="2012-10-05T00:08:25.2100411-05:00" finish="2012-10-05T00:08:25.6580667-05:00" />
  <ResultSummary outcome="Failed">
    <Counters total="1" executed="1" error="0" failed="1" timeout="0" aborted="0" inconclusive="0" passedButRunAborted="0" notRunnable="0" notExecuted="0" disconnected="0" warning="0" passed="0" completed="0" inProgress="0" pending="0" />
  </ResultSummary>
  <TestDefinitions>
    <UnitTest name="IsFrameComplete_TwoRolls" storage="c:\users\user\documents\visual studio 2010\projects\bowlinggametdd\bowlinggametdd\bin\debug\bowlinggametdd.dll" id="974f7546-f3c2-1bdf-4cd2-8114ea26fda4">
      <Execution id="ea1e11fc-d691-44db-b600-f0872482e2cc" />
      <TestMethod codeBase="C:/Users/user/documents/visual studio 2010/Projects/BowlingGameTDD/BowlingGameTDD/bin/Debug/BowlingGameTDD.DLL" adapterTypeName="Microsoft.VisualStudio.TestTools.TestTypes.Unit.UnitTestAdapter, Microsoft.VisualStudio.QualityTools.Tips.UnitTest.Adapter, Version=10.0.0.0, Culture=neutral, PublicKeyToken=b03f5f7f11d50a3a" className="BowlingGameTDD.UnitTest1, BowlingGameTDD, Version=1.0.0.0, Culture=neutral, PublicKeyToken=null" name="IsFrameComplete_TwoRolls" />
    </UnitTest>
  </TestDefinitions>
  <TestLists>
    <TestList name="Results Not in a List" id="8c84fa94-04c1-424b-9868-57a2d4851a1d" />
    <TestList name="All Loaded Results" id="19431567-8539-422a-85d7-44ee4e166bda" />
  </TestLists>
  <TestEntries>
    <TestEntry testId="974f7546-f3c2-1bdf-4cd2-8114ea26fda4" executionId="ea1e11fc-d691-44db-b600-f0872482e2cc" testListId="8c84fa94-04c1-424b-9868-57a2d4851a1d" />
  </TestEntries>
  <Results>
    <UnitTestResult executionId="ea1e11fc-d691-44db-b600-f0872482e2cc" testId="974f7546-f3c2-1bdf-4cd2-8114ea26fda4" testName="IsFrameComplete_TwoRolls" computerName="USER-LAPTOP" duration="00:00:00.0776020" startTime="2012-10-05T00:08:25.2130412-05:00" endTime="2012-10-05T00:08:25.6360654-05:00" testType="13cdc9d9-ddb5-4fa4-a97d-d965ccfc6d4b" outcome="Failed" testListId="8c84fa94-04c1-424b-9868-57a2d4851a1d" relativeResultsDirectory="ea1e11fc-d691-44db-b600-f0872482e2cc">
      <Output>
        <ErrorInfo>
          <Message>Assert.IsFalse failed. </Message>
          <StackTrace>   at BowlingGameTDD.UnitTest1.IsFrameComplete_TwoRolls() in C:\Users\user\documents\visual studio 2010\Projects\BowlingGameTDD\BowlingGameTDD\UnitTest1.cs:line 174
</StackTrace>
        </ErrorInfo>
      </Output>
    </UnitTestResult>
  </Results>
</TestRun>