<?xml version="1.0" encoding="UTF-8"?>
<TestRun id="9c3b1b88-3e49-4e00-a513-c2fe13d302ea" name="user@USER-LAPTOP 2012-10-04 18:15:02" runUser="user-laptop\user" xmlns="http://microsoft.com/schemas/VisualStudio/TeamTest/2010">
  <TestSettings name="Local" id="835b2509-bff2-4464-934d-51eafd7729ae">
    <Description>These are default test settings for a local test run.</Description>
    <Deployment enabled="false" runDeploymentRoot="user_USER-LAPTOP 2012-10-04 18_15_02">
      <DeploymentItem filename="c:\users\user\documents\visual studio 2010\Projects\BowlingGame\bin\Debug\BowlingGame.dll" />
    </Deployment>
    <Execution>
      <TestTypeSpecific />
      <AgentRule name="Execution Agents">
      </AgentRule>
    </Execution>
  </TestSettings>
  <Times creation="2012-10-04T18:15:02.2307054-05:00" queuing="2012-10-04T18:15:03.3137673-05:00" start="2012-10-04T18:15:03.4307740-05:00" finish="2012-10-04T18:15:04.2268195-05:00" />
  <ResultSummary outcome="Completed">
    <Counters total="1" executed="1" passed="1" error="0" failed="0" timeout="0" aborted="0" inconclusive="0" passedButRunAborted="0" notRunnable="0" notExecuted="0" disconnected="0" warning="0" completed="0" inProgress="0" pending="0" />
  </ResultSummary>
  <TestDefinitions>
    <UnitTest name="InstantiateGame" storage="c:\users\user\documents\visual studio 2010\projects\bowlinggametdd\bowlinggametdd\bin\debug\bowlinggametdd.dll" id="05212ab0-96f0-860d-4aa6-2dd121d688cb">
      <Execution id="ca004c52-b698-4833-9ad6-1abfd83c312a" />
      <TestMethod codeBase="c:/users/user/documents/visual studio 2010/Projects/BowlingGameTDD/BowlingGameTDD/bin/Debug/BowlingGameTDD.DLL" adapterTypeName="Microsoft.VisualStudio.TestTools.TestTypes.Unit.UnitTestAdapter, Microsoft.VisualStudio.QualityTools.Tips.UnitTest.Adapter, Version=10.0.0.0, Culture=neutral, PublicKeyToken=b03f5f7f11d50a3a" className="BowlingGameTDD.UnitTest1, BowlingGameTDD, Version=1.0.0.0, Culture=neutral, PublicKeyToken=null" name="InstantiateGame" />
    </UnitTest>
  </TestDefinitions>
  <TestLists>
    <TestList name="Results Not in a List" id="8c84fa94-04c1-424b-9868-57a2d4851a1d" />
    <TestList name="All Loaded Results" id="19431567-8539-422a-85d7-44ee4e166bda" />
  </TestLists>
  <TestEntries>
    <TestEntry testId="05212ab0-96f0-860d-4aa6-2dd121d688cb" executionId="ca004c52-b698-4833-9ad6-1abfd83c312a" testListId="8c84fa94-04c1-424b-9868-57a2d4851a1d" />
  </TestEntries>
  <Results>
    <UnitTestResult executionId="ca004c52-b698-4833-9ad6-1abfd83c312a" testId="05212ab0-96f0-860d-4aa6-2dd121d688cb" testName="InstantiateGame" computerName="USER-LAPTOP" duration="00:00:00.0231527" startTime="2012-10-04T18:15:03.4517752-05:00" endTime="2012-10-04T18:15:04.1448149-05:00" testType="13cdc9d9-ddb5-4fa4-a97d-d965ccfc6d4b" outcome="Passed" testListId="8c84fa94-04c1-424b-9868-57a2d4851a1d" relativeResultsDirectory="ca004c52-b698-4833-9ad6-1abfd83c312a">
    </UnitTestResult>
  </Results>
</TestRun>