<?xml version="1.0" encoding="UTF-8"?>
<TestRun id="60ef3bb9-790d-425b-9ba0-a583f6a8940a" name="user@USER-LAPTOP 2012-10-04 21:01:39" runUser="user-laptop\user" xmlns="http://microsoft.com/schemas/VisualStudio/TeamTest/2010">
  <TestSettings name="Local" id="835b2509-bff2-4464-934d-51eafd7729ae">
    <Description>These are default test settings for a local test run.</Description>
    <Deployment enabled="false" runDeploymentRoot="user_USER-LAPTOP 2012-10-04 21_01_39">
      <DeploymentItem filename="c:\users\user\documents\visual studio 2010\Projects\BowlingGame\bin\Debug\BowlingGame.dll" />
    </Deployment>
    <Execution>
      <TestTypeSpecific />
      <AgentRule name="Execution Agents">
      </AgentRule>
    </Execution>
  </TestSettings>
  <Times creation="2012-10-04T21:01:39.6785267-05:00" queuing="2012-10-04T21:01:40.5465763-05:00" start="2012-10-04T21:01:40.6645831-05:00" finish="2012-10-04T21:01:41.9686577-05:00" />
  <ResultSummary outcome="Completed">
    <Counters total="1" executed="1" passed="1" error="0" failed="0" timeout="0" aborted="0" inconclusive="0" passedButRunAborted="0" notRunnable="0" notExecuted="0" disconnected="0" warning="0" completed="0" inProgress="0" pending="0" />
  </ResultSummary>
  <TestDefinitions>
    <UnitTest name="RegisterRoll1" storage="c:\users\user\documents\visual studio 2010\projects\bowlinggametdd\bowlinggametdd\bin\debug\bowlinggametdd.dll" id="558f04a7-7d2f-46d7-3f30-821427db81e9">
      <Execution id="471766d5-8bde-4071-b35d-91eab1a523f7" />
      <TestMethod codeBase="c:/users/user/documents/visual studio 2010/Projects/BowlingGameTDD/BowlingGameTDD/bin/Debug/BowlingGameTDD.DLL" adapterTypeName="Microsoft.VisualStudio.TestTools.TestTypes.Unit.UnitTestAdapter, Microsoft.VisualStudio.QualityTools.Tips.UnitTest.Adapter, Version=10.0.0.0, Culture=neutral, PublicKeyToken=b03f5f7f11d50a3a" className="BowlingGameTDD.UnitTest1, BowlingGameTDD, Version=1.0.0.0, Culture=neutral, PublicKeyToken=null" name="RegisterRoll1" />
    </UnitTest>
  </TestDefinitions>
  <TestLists>
    <TestList name="Results Not in a List" id="8c84fa94-04c1-424b-9868-57a2d4851a1d" />
    <TestList name="All Loaded Results" id="19431567-8539-422a-85d7-44ee4e166bda" />
  </TestLists>
  <TestEntries>
    <TestEntry testId="558f04a7-7d2f-46d7-3f30-821427db81e9" executionId="471766d5-8bde-4071-b35d-91eab1a523f7" testListId="8c84fa94-04c1-424b-9868-57a2d4851a1d" />
  </TestEntries>
  <Results>
    <UnitTestResult executionId="471766d5-8bde-4071-b35d-91eab1a523f7" testId="558f04a7-7d2f-46d7-3f30-821427db81e9" testName="RegisterRoll1" computerName="USER-LAPTOP" duration="00:00:00.0366594" startTime="2012-10-04T21:01:40.7895902-05:00" endTime="2012-10-04T21:01:41.8916533-05:00" testType="13cdc9d9-ddb5-4fa4-a97d-d965ccfc6d4b" outcome="Passed" testListId="8c84fa94-04c1-424b-9868-57a2d4851a1d" relativeResultsDirectory="471766d5-8bde-4071-b35d-91eab1a523f7">
    </UnitTestResult>
  </Results>
</TestRun>