<?xml version="1.0" encoding="UTF-8"?>
<TestRun id="a79fa1c2-714d-406c-b201-4fada6d6b06f" name="user@USER-LAPTOP 2012-10-04 20:57:15" runUser="user-laptop\user" xmlns="http://microsoft.com/schemas/VisualStudio/TeamTest/2010">
  <TestSettings name="Local" id="835b2509-bff2-4464-934d-51eafd7729ae">
    <Description>These are default test settings for a local test run.</Description>
    <Deployment enabled="false" runDeploymentRoot="user_USER-LAPTOP 2012-10-04 20_57_15">
      <DeploymentItem filename="c:\users\user\documents\visual studio 2010\Projects\BowlingGame\bin\Debug\BowlingGame.dll" />
    </Deployment>
    <Execution>
      <TestTypeSpecific />
      <AgentRule name="Execution Agents">
      </AgentRule>
    </Execution>
  </TestSettings>
  <Times creation="2012-10-04T20:57:15.5314183-05:00" queuing="2012-10-04T20:57:21.7787757-05:00" start="2012-10-04T20:57:22.1397963-05:00" finish="2012-10-04T20:57:59.7649483-05:00" />
  <ResultSummary outcome="Error">
    <Counters total="3" executed="3" passed="2" error="0" failed="0" timeout="0" aborted="1" inconclusive="0" passedButRunAborted="0" notRunnable="0" notExecuted="0" disconnected="0" warning="0" completed="0" inProgress="0" pending="0" />
    <RunInfos>
      <RunInfo computerName="USER-LAPTOP" outcome="Error" timestamp="2012-10-04T20:57:59.7569479-05:00">
        <Text>Test host process exited unexpectedly.</Text>
      </RunInfo>
    </RunInfos>
  </ResultSummary>
  <TestDefinitions>
    <UnitTest name="InstantiateGame" storage="c:\users\user\documents\visual studio 2010\projects\bowlinggametdd\bowlinggametdd\bin\debug\bowlinggametdd.dll" id="05212ab0-96f0-860d-4aa6-2dd121d688cb">
      <Execution id="3e3c4d5e-61de-41ba-94cc-571ec170d57f" />
      <TestMethod codeBase="c:/users/user/documents/visual studio 2010/Projects/BowlingGameTDD/BowlingGameTDD/bin/Debug/BowlingGameTDD.DLL" adapterTypeName="Microsoft.VisualStudio.TestTools.TestTypes.Unit.UnitTestAdapter, Microsoft.VisualStudio.QualityTools.Tips.UnitTest.Adapter, Version=10.0.0.0, Culture=neutral, PublicKeyToken=b03f5f7f11d50a3a" className="BowlingGameTDD.UnitTest1, BowlingGameTDD, Version=1.0.0.0, Culture=neutral, PublicKeyToken=null" name="InstantiateGame" />
    </UnitTest>
    <UnitTest name="InitializeGame" storage="c:\users\user\documents\visual studio 2010\projects\bowlinggametdd\bowlinggametdd\bin\debug\bowlinggametdd.dll" id="cb98918f-1baf-ae4b-8a43-54b01da60559">
      <Execution id="0cee5e94-8478-49db-8a2f-2fa498e3f57a" />
      <TestMethod codeBase="c:/users/user/documents/visual studio 2010/Projects/BowlingGameTDD/BowlingGameTDD/bin/Debug/BowlingGameTDD.DLL" adapterTypeName="Microsoft.VisualStudio.TestTools.TestTypes.Unit.UnitTestAdapter, Microsoft.VisualStudio.QualityTools.Tips.UnitTest.Adapter, Version=10.0.0.0, Culture=neutral, PublicKeyToken=b03f5f7f11d50a3a" className="BowlingGameTDD.UnitTest1, BowlingGameTDD, Version=1.0.0.0, Culture=neutral, PublicKeyToken=null" name="InitializeGame" />
    </UnitTest>
    <UnitTest name="RegisterRoll1" storage="c:\users\user\documents\visual studio 2010\projects\bowlinggametdd\bowlinggametdd\bin\debug\bowlinggametdd.dll" id="558f04a7-7d2f-46d7-3f30-821427db81e9">
      <Execution id="a13a5e10-3616-40bf-89f7-696bba87cd81" />
      <TestMethod codeBase="c:/users/user/documents/visual studio 2010/Projects/BowlingGameTDD/BowlingGameTDD/bin/Debug/BowlingGameTDD.DLL" adapterTypeName="Microsoft.VisualStudio.TestTools.TestTypes.Unit.UnitTestAdapter, Microsoft.VisualStudio.QualityTools.Tips.UnitTest.Adapter, Version=10.0.0.0, Culture=neutral, PublicKeyToken=b03f5f7f11d50a3a" className="BowlingGameTDD.UnitTest1, BowlingGameTDD, Version=1.0.0.0, Culture=neutral, PublicKeyToken=null" name="RegisterRoll1" />
    </UnitTest>
  </TestDefinitions>
  <TestLists>
    <TestList name="Results Not in a List" id="8c84fa94-04c1-424b-9868-57a2d4851a1d" />
    <TestList name="All Loaded Results" id="19431567-8539-422a-85d7-44ee4e166bda" />
  </TestLists>
  <TestEntries>
    <TestEntry testId="05212ab0-96f0-860d-4aa6-2dd121d688cb" executionId="3e3c4d5e-61de-41ba-94cc-571ec170d57f" testListId="8c84fa94-04c1-424b-9868-57a2d4851a1d" />
    <TestEntry testId="cb98918f-1baf-ae4b-8a43-54b01da60559" executionId="0cee5e94-8478-49db-8a2f-2fa498e3f57a" testListId="8c84fa94-04c1-424b-9868-57a2d4851a1d" />
    <TestEntry testId="558f04a7-7d2f-46d7-3f30-821427db81e9" executionId="a13a5e10-3616-40bf-89f7-696bba87cd81" testListId="8c84fa94-04c1-424b-9868-57a2d4851a1d" />
  </TestEntries>
  <Results>
    <UnitTestResult executionId="3e3c4d5e-61de-41ba-94cc-571ec170d57f" testId="05212ab0-96f0-860d-4aa6-2dd121d688cb" testName="InstantiateGame" computerName="USER-LAPTOP" duration="00:00:00.0917963" startTime="2012-10-04T20:57:23.0028457-05:00" endTime="2012-10-04T20:57:30.3842679-05:00" testType="13cdc9d9-ddb5-4fa4-a97d-d965ccfc6d4b" outcome="Passed" testListId="8c84fa94-04c1-424b-9868-57a2d4851a1d" relativeResultsDirectory="3e3c4d5e-61de-41ba-94cc-571ec170d57f">
    </UnitTestResult>
    <UnitTestResult executionId="0cee5e94-8478-49db-8a2f-2fa498e3f57a" testId="cb98918f-1baf-ae4b-8a43-54b01da60559" testName="InitializeGame" computerName="USER-LAPTOP" duration="00:00:07.7423297" startTime="2012-10-04T20:57:30.4172698-05:00" endTime="2012-10-04T20:57:38.1847140-05:00" testType="13cdc9d9-ddb5-4fa4-a97d-d965ccfc6d4b" outcome="Passed" testListId="8c84fa94-04c1-424b-9868-57a2d4851a1d" relativeResultsDirectory="0cee5e94-8478-49db-8a2f-2fa498e3f57a">
    </UnitTestResult>
    <UnitTestResult executionId="a13a5e10-3616-40bf-89f7-696bba87cd81" testId="558f04a7-7d2f-46d7-3f30-821427db81e9" testName="RegisterRoll1" computerName="USER-LAPTOP" duration="00:00:21.4552271" startTime="2012-10-04T20:57:38.3097212-05:00" endTime="2012-10-04T20:57:59.7649483-05:00" testType="13cdc9d9-ddb5-4fa4-a97d-d965ccfc6d4b" outcome="Aborted" testListId="8c84fa94-04c1-424b-9868-57a2d4851a1d" relativeResultsDirectory="a13a5e10-3616-40bf-89f7-696bba87cd81">
    </UnitTestResult>
  </Results>
</TestRun>