<?xml version="1.0" encoding="UTF-8"?>
<TestRun id="92462688-0c58-4542-a60d-9086b4364a31" name="user@USER-LAPTOP 2012-10-04 23:58:12" runUser="user-laptop\user" xmlns="http://microsoft.com/schemas/VisualStudio/TeamTest/2010">
  <TestSettings name="Local" id="835b2509-bff2-4464-934d-51eafd7729ae">
    <Description>These are default test settings for a local test run.</Description>
    <Deployment userDeploymentRoot="C:\Users\user\documents\visual studio 2010\Projects\BowlingGameTDD\TestResults" useDefaultDeploymentRoot="false" enabled="false" runDeploymentRoot="user_USER-LAPTOP 2012-10-04 23_58_12">
      <DeploymentItem filename="c:\users\user\documents\visual studio 2010\Projects\BowlingGame\bin\Debug\BowlingGame.dll" />
    </Deployment>
    <Execution>
      <TestTypeSpecific />
      <AgentRule name="Execution Agents">
      </AgentRule>
    </Execution>
  </TestSettings>
  <Times creation="2012-10-04T23:58:12.2409812-05:00" queuing="2012-10-04T23:58:16.7062366-05:00" start="2012-10-04T23:58:17.0132542-05:00" finish="2012-10-04T23:58:50.5541726-05:00" />
  <ResultSummary outcome="Completed">
    <Counters total="1" executed="1" passed="1" error="0" failed="0" timeout="0" aborted="0" inconclusive="0" passedButRunAborted="0" notRunnable="0" notExecuted="0" disconnected="0" warning="0" completed="0" inProgress="0" pending="0" />
  </ResultSummary>
  <TestDefinitions>
    <UnitTest name="RegisterRoll2" storage="c:\users\user\documents\visual studio 2010\projects\bowlinggametdd\bowlinggametdd\bin\debug\bowlinggametdd.dll" id="7ad8352d-ab1a-da89-ba58-1a5410f643b1">
      <Execution id="6bc84a66-5b26-49d8-8dc3-772304a6ab59" />
      <TestMethod codeBase="C:/Users/user/documents/visual studio 2010/Projects/BowlingGameTDD/BowlingGameTDD/bin/Debug/BowlingGameTDD.DLL" adapterTypeName="Microsoft.VisualStudio.TestTools.TestTypes.Unit.UnitTestAdapter, Microsoft.VisualStudio.QualityTools.Tips.UnitTest.Adapter, Version=10.0.0.0, Culture=neutral, PublicKeyToken=b03f5f7f11d50a3a" className="BowlingGameTDD.UnitTest1, BowlingGameTDD, Version=1.0.0.0, Culture=neutral, PublicKeyToken=null" name="RegisterRoll2" />
    </UnitTest>
  </TestDefinitions>
  <TestLists>
    <TestList name="Results Not in a List" id="8c84fa94-04c1-424b-9868-57a2d4851a1d" />
    <TestList name="All Loaded Results" id="19431567-8539-422a-85d7-44ee4e166bda" />
  </TestLists>
  <TestEntries>
    <TestEntry testId="7ad8352d-ab1a-da89-ba58-1a5410f643b1" executionId="6bc84a66-5b26-49d8-8dc3-772304a6ab59" testListId="8c84fa94-04c1-424b-9868-57a2d4851a1d" />
  </TestEntries>
  <Results>
    <UnitTestResult executionId="6bc84a66-5b26-49d8-8dc3-772304a6ab59" testId="7ad8352d-ab1a-da89-ba58-1a5410f643b1" testName="RegisterRoll2" computerName="USER-LAPTOP" duration="00:00:30.2629281" startTime="2012-10-04T23:58:17.2832696-05:00" endTime="2012-10-04T23:58:50.3391603-05:00" testType="13cdc9d9-ddb5-4fa4-a97d-d965ccfc6d4b" outcome="Passed" testListId="8c84fa94-04c1-424b-9868-57a2d4851a1d" relativeResultsDirectory="6bc84a66-5b26-49d8-8dc3-772304a6ab59">
    </UnitTestResult>
  </Results>
</TestRun>